--------------------------------------------------------------------------------
Translator Name    : Spatial InterOp Connect ( Version : 2019 1.0.0)
System Name        : Windows_NT
Machine Name       : D01
User Name          : jaroslaw.malicki
Source System      : STEP
Destination System : ACIS
Input File         : N:\DZ-SiM\ClientGroup\Alstom Chorz*w\RFQ\2023\266ERS23proc\Dokumentacja\GL00001874056_GLD0001874058_A00.stp
Output File        : C:\Users\JAROSL~1.MAL\AppData\Local\Temp\SPAXTemp-P20388-T18928-2_SPAIop_1_Doc.sab
Start Time         : Mon May 15 09:22:54 2023

--------------------------------------------------------------------------------
Message : === Translation Options ===
Message : TranslateSuppressedEntities : false
Message : ReadVisibleLayerOnly : true
Message : TranslateWorkPlanes : false
Message : TranslateFreePoints : false
Message : TranslateHiddenEntities : false
Message : TranslateFreeCurves : false
Message : TranslateAttributes : true
Message : Representation : BRep
Message : TranslateAssemblies : true
Message : Healing : true
Message : Flatten : true
Message : ===========================
-------------------------Source File Header Information-------------------------
Modification Date        : 2023-04-12T07:08:00+00:00
File Name                : C:\\Users\\e_dhoryn\\Downloads\\GL00001874056_GLD0001874058_A00.stp
Author                   : 'none'
Organization             : 'none'
Source System            : CATIA V5 STEP AP203 CATIA Version 5-6 Release 2016 SP5 HF64
Version                  : AP203
Authorization            : none
File Description         : 'CATIA V5 STEP Exchange'
Implementation Level     : 2;1
File Schema Name         : 'CONFIG_CONTROL_DESIGN'
Document Type            : Part
Units                    : MILLIMETER
Format Type              : STEP
--------------------------------------------------------------------------------
--------------------------------------------------------------------------------
Source Document Preprocessing Result : Success
--------------------------------------------------------------------------------
--------------------------------------------------------------------------------
Target Document Preprocessing Result : Success
--------------------------------------------------------------------------------
--------------------------------------------------------------------------------
Start BRep
--------------------------------------------------------------------------------
--------------------------------------------------------------------------------
BRep Source Representation Preprocessing Result : Success
--------------------------------------------------------------------------------
--------------------------------------------------------------------------------
BRep Source Representation Postprocessing Result : Success
--------------------------------------------------------------------------------
--------------------------------------------------------------------------------
BRep Target Representation Postprocessing Result : Success
--------------------------------------------------------------------------------
--------------------------------------------------------------------------------
End BRep
------------------------Representation Conversion Summary-----------------------
No. of Acorn Bodies                       :    0
No. of Mixed Bodies                       :    0
No. of Solid Bodies                       :    1
No. of Wire Bodies                        :    0
No. of Free Surfaces                      :    0
No. of Free Curves                        :    0
No. of Sheet Bodies                       :    0
No. of Free Points                        :    0
--------------------------------------------------------------------------------
BRep Conversion Result : Success
--------------------------------------------------------------------------------
--------------------------------------------------------------------------------
Start DocumentFeature
--------------------------------------------------------------------------------
--------------------------------------------------------------------------------
DocumentFeature Source Representation Preprocessing Result : Success
--------------------------------------------------------------------------------
--------------------------------------------------------------------------------
DocumentFeature Source Representation Postprocessing Result : Success
--------------------------------------------------------------------------------
--------------------------------------------------------------------------------
DocumentFeature Target Representation Postprocessing Result : Success
--------------------------------------------------------------------------------
--------------------------------------------------------------------------------
End DocumentFeature
------------------------Representation Conversion Summary-----------------------
No. of Selection Sets                     :    0
No. of Working Coordinate Systems         :    0
No. of Associative Groups                 :    0
No. of Layer Filters                      :    0
--------------------------------------------------------------------------------
DocumentFeature Conversion Result : No Entity to Translate
--------------------------------------------------------------------------------
--------------------------------------------------------------------------------
Target Document Postprocessing Result : Success
--------------------------------------------------------------------------------
--------------------------------------------------------------------------------
Target Document Postprocessing Result : Success
--------------------------------------------------------------------------------
--------------------------------------------------------------------------------
---------------------------Document Conversion Summary--------------------------
No. of Items of DocumentFeature Representation :    0
No. of Items of BRep Representation            :    1
--------------------------------------------------------------------------------
Message : Setting save mode for ACIS file based on the file extension
Output File "C:\Users\JAROSL~1.MAL\AppData\Local\Temp\SPAXTemp-P20388-T18928-2_SPAIop_1_Doc.sab" is Successfully Written
--------------------------------------------------------------------------------
Finish Time : Mon May 15 09:22:54 2023

--------------------------------------------------------------------------------
Translation Result : Success
--------------------------------------------------------------------------------
--------------------------------------------------------------------------------
